[debug] [2017-07-29T23:57:23.498Z] ----------------------------------------------------------------------
[debug] [2017-07-29T23:57:23.501Z] Command:      /usr/local/bin/node /usr/local/bin/firebase deploy
[debug] [2017-07-29T23:57:23.501Z] CLI Version:  3.9.1
[debug] [2017-07-29T23:57:23.501Z] Platform:     darwin
[debug] [2017-07-29T23:57:23.501Z] Node Version: v6.10.3
[debug] [2017-07-29T23:57:23.502Z] Time:         Sat Jul 29 2017 20:57:23 GMT-0300 (-03)
[debug] [2017-07-29T23:57:23.502Z] ----------------------------------------------------------------------
[debug] 
[debug] [2017-07-29T23:57:23.515Z] > command requires scopes: ["email","openid","https://www.googleapis.com/auth/cloudplatformprojects.readonly","https://www.googleapis.com/auth/firebase","https://www.googleapis.com/auth/cloud-platform"]
[debug] [2017-07-29T23:57:23.515Z] > authorizing via signed-in user
[debug] [2017-07-29T23:57:23.517Z] > refreshing access token with scopes: ["email","https://www.googleapis.com/auth/cloud-platform","https://www.googleapis.com/auth/cloudplatformprojects.readonly","https://www.googleapis.com/auth/firebase","openid"]
[debug] [2017-07-29T23:57:23.517Z] >>> HTTP REQUEST POST https://www.googleapis.com/oauth2/v3/token { refresh_token: '1/OT9LbbamLZFY6pDdmFzmCCRFulfVcoZzQYsI5N_L9D8',
  client_id: '563584335869-fgrhgmd47bqnekij5i8b5pr03ho849e6.apps.googleusercontent.com',
  client_secret: 'j9iVZfS8kkCEFUPaAeJV0sAi',
  grant_type: 'refresh_token',
  scope: 'email https://www.googleapis.com/auth/cloud-platform https://www.googleapis.com/auth/cloudplatformprojects.readonly https://www.googleapis.com/auth/firebase openid' } 
 Sat Jul 29 2017 20:57:23 GMT-0300 (-03)
[debug] [2017-07-29T23:57:24.080Z] <<< HTTP RESPONSE 200
[debug] [2017-07-29T23:57:24.088Z] >>> HTTP REQUEST GET https://admin.firebase.com/v1/projects/pointaloon  
 Sat Jul 29 2017 20:57:24 GMT-0300 (-03)
[debug] [2017-07-29T23:57:25.740Z] <<< HTTP RESPONSE 200
[debug] [2017-07-29T23:57:25.741Z] >>> HTTP REQUEST GET https://admin.firebase.com/v1/database/pointaloon/tokens  
 Sat Jul 29 2017 20:57:25 GMT-0300 (-03)
[debug] [2017-07-29T23:57:26.746Z] <<< HTTP RESPONSE 200
[info] 
[info] === Deploying to 'pointaloon'...
[info] 
[info] i  deploying database, functions, hosting
[info] ✔  database: rules ready to deploy.
[debug] [2017-07-29T23:57:29.645Z] > [functions] package.json contents: {
  "name": "functions",
  "description": "Cloud Functions for Firebase",
  "dependencies": {
    "firebase-admin": "~4.2.1",
    "firebase-functions": "^0.5.7",
    "azimuth": "~0.1.0",
    "cors": "~2.8.4"
  },
  "private": true
}
[info] i  functions: ensuring necessary APIs are enabled...
[info] i  runtimeconfig: ensuring necessary APIs are enabled...
[debug] [2017-07-29T23:57:29.646Z] >>> HTTP REQUEST GET https://servicemanagement.googleapis.com/v1/services/cloudfunctions.googleapis.com/projectSettings/pointaloon?view=CONSUMER_VIEW  
 Sat Jul 29 2017 20:57:29 GMT-0300 (-03)
[debug] [2017-07-29T23:57:29.647Z] >>> HTTP REQUEST GET https://servicemanagement.googleapis.com/v1/services/runtimeconfig.googleapis.com/projectSettings/pointaloon?view=CONSUMER_VIEW  
 Sat Jul 29 2017 20:57:29 GMT-0300 (-03)
[debug] [2017-07-29T23:57:31.622Z] <<< HTTP RESPONSE 200
[info] ✔  runtimeconfig: all necessary APIs are enabled
[debug] [2017-07-29T23:57:32.013Z] <<< HTTP RESPONSE 200
[info] ✔  functions: all necessary APIs are enabled
[debug] [2017-07-29T23:57:32.015Z] >>> HTTP REQUEST GET https://appengine.googleapis.com/v1/apps/pointaloon  
 Sat Jul 29 2017 20:57:32 GMT-0300 (-03)
[debug] [2017-07-29T23:57:32.015Z] >>> HTTP REQUEST GET https://apikeys.googleapis.com/v1/projects/pointaloon/apiKeys  
 Sat Jul 29 2017 20:57:32 GMT-0300 (-03)
[debug] [2017-07-29T23:57:33.574Z] <<< HTTP RESPONSE 200
[debug] [2017-07-29T23:57:33.699Z] <<< HTTP RESPONSE 200
[info] i  functions: preparing functions directory for uploading...
[debug] [2017-07-29T23:57:34.516Z] >>> HTTP REQUEST GET https://runtimeconfig.googleapis.com/v1beta1/projects/pointaloon/configs  
 Sat Jul 29 2017 20:57:34 GMT-0300 (-03)
[debug] [2017-07-29T23:57:35.885Z] <<< HTTP RESPONSE 200
[info] i  functions: packaged functions (3.93 KB) for uploading
[debug] [2017-07-29T23:57:36.857Z] >>> HTTP REQUEST GET https://www.googleapis.com/storage/v1/b/staging.pointaloon.appspot.com  
 Sat Jul 29 2017 20:57:36 GMT-0300 (-03)
[debug] [2017-07-29T23:57:38.860Z] <<< HTTP RESPONSE 200
[debug] [2017-07-29T23:57:38.861Z] >>> HTTP REQUEST POST https://www.googleapis.com/upload/storage/v1/b/staging.pointaloon.appspot.com/o?uploadType=media&name=firebase-functions-source ReadStream {
  _readableState: 
   ReadableState {
     objectMode: false,
     highWaterMark: 65536,
     buffer: BufferList { head: [Object], tail: [Object], length: 1 },
     length: 4029,
     pipes: null,
     pipesCount: 0,
     flowing: null,
     ended: true,
     endEmitted: false,
     reading: false,
     sync: false,
     needReadable: false,
     emittedReadable: true,
     readableListening: false,
     resumeScheduled: false,
     defaultEncoding: 'utf8',
     ranOut: false,
     awaitDrain: 0,
     readingMore: false,
     decoder: null,
     encoding: null },
  readable: true,
  domain: null,
  _events: { end: [Function] },
  _eventsCount: 1,
  _maxListeners: undefined,
  path: '/var/folders/f3/f84x0w8s44dcrk_tk579_rjw0000gn/T/firebase-functions-55566XSXaheglIH0e.zip',
  fd: 19,
  flags: 'r',
  mode: 438,
  start: undefined,
  end: undefined,
  autoClose: true,
  pos: undefined,
  bytesRead: 4029 } 
 Sat Jul 29 2017 20:57:38 GMT-0300 (-03)
[debug] [2017-07-29T23:57:40.288Z] <<< HTTP RESPONSE 200
[info] ✔  functions: functions folder uploaded successfully
[info] i  hosting: preparing public directory for upload...
[debug] [2017-07-29T23:57:40.366Z] >>> HTTP REQUEST PUT https://deploy.firebase.com/v1/hosting/pointaloon/uploads/-KqFmA6AbcP6XKS143bN?fileCount=23&message=  
 Sat Jul 29 2017 20:57:40 GMT-0300 (-03)
[debug] [2017-07-29T23:57:47.058Z] <<< HTTP RESPONSE 200
[debug] [2017-07-29T23:57:47.058Z] [hosting] .tgz uploaded successfully, waiting for extraction
[info] ✔  hosting: 23 files uploaded successfully
[info] i  starting release process (may take several minutes)...
[debug] [2017-07-29T23:57:57.396Z] >>> HTTP REQUEST GET https://cloudfunctions.googleapis.com/v1beta2/projects/pointaloon/locations/us-central1/functions  
 Sat Jul 29 2017 20:57:57 GMT-0300 (-03)
[debug] [2017-07-29T23:57:59.438Z] <<< HTTP RESPONSE 200
[info] i  functions: updating function createToken...
[debug] [2017-07-29T23:57:59.445Z] Trigger is: 
[info] i  functions: updating function update...
[debug] [2017-07-29T23:57:59.447Z] Trigger is: 
[info] i  functions: updating function testalert...
[debug] [2017-07-29T23:57:59.447Z] Trigger is: 
[info] i  functions: updating function autoUpdate...
[debug] [2017-07-29T23:57:59.447Z] Trigger is: 
[info] i  functions: updating function point...
[debug] [2017-07-29T23:57:59.448Z] Trigger is: 
[info] i  functions: updating function loons...
[debug] [2017-07-29T23:57:59.448Z] Trigger is: 
[info] i  functions: updating function logdata...
[debug] [2017-07-29T23:57:59.448Z] Trigger is: 
[debug] [2017-07-29T23:57:59.449Z] >>> HTTP REQUEST PUT https://cloudfunctions.googleapis.com/v1beta2/projects/pointaloon/locations/us-central1/functions/createToken { sourceArchiveUrl: 'gs://staging.pointaloon.appspot.com/firebase-functions-source',
  name: 'projects/pointaloon/locations/us-central1/functions/createToken',
  entryPoint: 'createToken',
  timeout: '60s',
  availableMemoryMb: 256,
  httpsTrigger: {} } 
 Sat Jul 29 2017 20:57:59 GMT-0300 (-03)
[debug] [2017-07-29T23:57:59.450Z] >>> HTTP REQUEST PUT https://cloudfunctions.googleapis.com/v1beta2/projects/pointaloon/locations/us-central1/functions/update { sourceArchiveUrl: 'gs://staging.pointaloon.appspot.com/firebase-functions-source',
  name: 'projects/pointaloon/locations/us-central1/functions/update',
  entryPoint: 'update',
  timeout: '60s',
  availableMemoryMb: 256,
  httpsTrigger: {} } 
 Sat Jul 29 2017 20:57:59 GMT-0300 (-03)
[debug] [2017-07-29T23:57:59.451Z] >>> HTTP REQUEST PUT https://cloudfunctions.googleapis.com/v1beta2/projects/pointaloon/locations/us-central1/functions/testalert { sourceArchiveUrl: 'gs://staging.pointaloon.appspot.com/firebase-functions-source',
  name: 'projects/pointaloon/locations/us-central1/functions/testalert',
  entryPoint: 'testalert',
  timeout: '60s',
  availableMemoryMb: 256,
  httpsTrigger: {} } 
 Sat Jul 29 2017 20:57:59 GMT-0300 (-03)
[debug] [2017-07-29T23:57:59.451Z] >>> HTTP REQUEST PUT https://cloudfunctions.googleapis.com/v1beta2/projects/pointaloon/locations/us-central1/functions/autoUpdate { sourceArchiveUrl: 'gs://staging.pointaloon.appspot.com/firebase-functions-source',
  name: 'projects/pointaloon/locations/us-central1/functions/autoUpdate',
  entryPoint: 'autoUpdate',
  timeout: '60s',
  availableMemoryMb: 256,
  eventTrigger: 
   { resource: 'projects/_/instances/pointaloon/refs/parameters/queue',
     eventType: 'providers/google.firebase.database/eventTypes/ref.create' } } 
 Sat Jul 29 2017 20:57:59 GMT-0300 (-03)
[debug] [2017-07-29T23:57:59.452Z] >>> HTTP REQUEST PUT https://cloudfunctions.googleapis.com/v1beta2/projects/pointaloon/locations/us-central1/functions/point { sourceArchiveUrl: 'gs://staging.pointaloon.appspot.com/firebase-functions-source',
  name: 'projects/pointaloon/locations/us-central1/functions/point',
  entryPoint: 'point',
  timeout: '60s',
  availableMemoryMb: 256,
  httpsTrigger: {} } 
 Sat Jul 29 2017 20:57:59 GMT-0300 (-03)
[debug] [2017-07-29T23:57:59.452Z] >>> HTTP REQUEST PUT https://cloudfunctions.googleapis.com/v1beta2/projects/pointaloon/locations/us-central1/functions/loons { sourceArchiveUrl: 'gs://staging.pointaloon.appspot.com/firebase-functions-source',
  name: 'projects/pointaloon/locations/us-central1/functions/loons',
  entryPoint: 'loons',
  timeout: '60s',
  availableMemoryMb: 256,
  httpsTrigger: {} } 
 Sat Jul 29 2017 20:57:59 GMT-0300 (-03)
[debug] [2017-07-29T23:57:59.453Z] >>> HTTP REQUEST PUT https://cloudfunctions.googleapis.com/v1beta2/projects/pointaloon/locations/us-central1/functions/logdata { sourceArchiveUrl: 'gs://staging.pointaloon.appspot.com/firebase-functions-source',
  name: 'projects/pointaloon/locations/us-central1/functions/logdata',
  entryPoint: 'logdata',
  timeout: '60s',
  availableMemoryMb: 256,
  httpsTrigger: {} } 
 Sat Jul 29 2017 20:57:59 GMT-0300 (-03)
[debug] [2017-07-29T23:58:00.154Z] <<< HTTP RESPONSE 200
[debug] [2017-07-29T23:58:00.155Z] <<< HTTP RESPONSE 200
[debug] [2017-07-29T23:58:00.876Z] <<< HTTP RESPONSE 200
[debug] [2017-07-29T23:58:00.879Z] <<< HTTP RESPONSE 200
[debug] [2017-07-29T23:58:00.879Z] <<< HTTP RESPONSE 200
[debug] [2017-07-29T23:58:00.879Z] <<< HTTP RESPONSE 200
[debug] [2017-07-29T23:58:00.905Z] <<< HTTP RESPONSE 200
[debug] [2017-07-29T23:58:00.908Z] >>> HTTP REQUEST GET https://cloudfunctions.googleapis.com/v1beta2/projects/pointaloon/locations/us-central1/functions  
 Sat Jul 29 2017 20:58:00 GMT-0300 (-03)
[debug] [2017-07-29T23:58:00.908Z] >>> HTTP REQUEST GET https://cloudfunctions.googleapis.com/v1beta2/operations/cG9pbnRhbG9vbi91cy1jZW50cmFsMS9jcmVhdGVUb2tlbi8xNWUzWTBVX1IyOA  
 Sat Jul 29 2017 20:58:00 GMT-0300 (-03)
[debug] [2017-07-29T23:58:00.909Z] >>> HTTP REQUEST GET https://cloudfunctions.googleapis.com/v1beta2/operations/cG9pbnRhbG9vbi91cy1jZW50cmFsMS91cGRhdGUvYTU3dlpxbUtnUHc  
 Sat Jul 29 2017 20:58:00 GMT-0300 (-03)
[debug] [2017-07-29T23:58:00.909Z] >>> HTTP REQUEST GET https://cloudfunctions.googleapis.com/v1beta2/operations/cG9pbnRhbG9vbi91cy1jZW50cmFsMS90ZXN0YWxlcnQvMHZ3RjQtZkl3WUk  
 Sat Jul 29 2017 20:58:00 GMT-0300 (-03)
[debug] [2017-07-29T23:58:00.910Z] >>> HTTP REQUEST GET https://cloudfunctions.googleapis.com/v1beta2/operations/cG9pbnRhbG9vbi91cy1jZW50cmFsMS9hdXRvVXBkYXRlL3NpZXcwYi0ycGRJ  
 Sat Jul 29 2017 20:58:00 GMT-0300 (-03)
[debug] [2017-07-29T23:58:00.910Z] >>> HTTP REQUEST GET https://cloudfunctions.googleapis.com/v1beta2/operations/cG9pbnRhbG9vbi91cy1jZW50cmFsMS9wb2ludC9kR0wwNDdLVHhxZw  
 Sat Jul 29 2017 20:58:00 GMT-0300 (-03)
[debug] [2017-07-29T23:58:00.910Z] >>> HTTP REQUEST GET https://cloudfunctions.googleapis.com/v1beta2/operations/cG9pbnRhbG9vbi91cy1jZW50cmFsMS9sb29ucy9CUHdPMVJNYVhSSQ  
 Sat Jul 29 2017 20:58:00 GMT-0300 (-03)
[debug] [2017-07-29T23:58:00.910Z] >>> HTTP REQUEST GET https://cloudfunctions.googleapis.com/v1beta2/operations/cG9pbnRhbG9vbi91cy1jZW50cmFsMS9sb2dkYXRhL1RFdFdyZ3dNUzhF  
 Sat Jul 29 2017 20:58:00 GMT-0300 (-03)
[debug] [2017-07-29T23:58:01.413Z] <<< HTTP RESPONSE 200
[debug] [2017-07-29T23:58:01.428Z] <<< HTTP RESPONSE 200
[debug] [2017-07-29T23:58:01.466Z] <<< HTTP RESPONSE 200
[debug] [2017-07-29T23:58:02.201Z] <<< HTTP RESPONSE 200
[debug] [2017-07-29T23:58:02.202Z] <<< HTTP RESPONSE 200
[debug] [2017-07-29T23:58:02.203Z] <<< HTTP RESPONSE 200
[debug] [2017-07-29T23:58:02.231Z] <<< HTTP RESPONSE 200
[debug] [2017-07-29T23:58:02.232Z] [functions] operation poll: createToken: update operations/cG9pbnRhbG9vbi91cy1jZW50cmFsMS9jcmVhdGVUb2tlbi8xNWUzWTBVX1IyOA is not done.
[debug] [2017-07-29T23:58:02.232Z] [functions] operation poll: update: update operations/cG9pbnRhbG9vbi91cy1jZW50cmFsMS91cGRhdGUvYTU3dlpxbUtnUHc is not done.
[debug] [2017-07-29T23:58:02.232Z] [functions] operation poll: testalert: update operations/cG9pbnRhbG9vbi91cy1jZW50cmFsMS90ZXN0YWxlcnQvMHZ3RjQtZkl3WUk is not done.
[debug] [2017-07-29T23:58:02.232Z] [functions] operation poll: autoUpdate: update operations/cG9pbnRhbG9vbi91cy1jZW50cmFsMS9hdXRvVXBkYXRlL3NpZXcwYi0ycGRJ is not done.
[debug] [2017-07-29T23:58:02.232Z] [functions] operation poll: point: update operations/cG9pbnRhbG9vbi91cy1jZW50cmFsMS9wb2ludC9kR0wwNDdLVHhxZw is not done.
[debug] [2017-07-29T23:58:02.232Z] [functions] operation poll: loons: update operations/cG9pbnRhbG9vbi91cy1jZW50cmFsMS9sb29ucy9CUHdPMVJNYVhSSQ is not done.
[debug] [2017-07-29T23:58:02.233Z] [functions] operation poll: logdata: update operations/cG9pbnRhbG9vbi91cy1jZW50cmFsMS9sb2dkYXRhL1RFdFdyZ3dNUzhF is not done.
[debug] [2017-07-29T23:58:02.432Z] <<< HTTP RESPONSE 200
[debug] [2017-07-29T23:58:07.239Z] >>> HTTP REQUEST GET https://cloudfunctions.googleapis.com/v1beta2/operations/cG9pbnRhbG9vbi91cy1jZW50cmFsMS9jcmVhdGVUb2tlbi8xNWUzWTBVX1IyOA  
 Sat Jul 29 2017 20:58:07 GMT-0300 (-03)
[debug] [2017-07-29T23:58:07.241Z] >>> HTTP REQUEST GET https://cloudfunctions.googleapis.com/v1beta2/operations/cG9pbnRhbG9vbi91cy1jZW50cmFsMS91cGRhdGUvYTU3dlpxbUtnUHc  
 Sat Jul 29 2017 20:58:07 GMT-0300 (-03)
[debug] [2017-07-29T23:58:07.241Z] >>> HTTP REQUEST GET https://cloudfunctions.googleapis.com/v1beta2/operations/cG9pbnRhbG9vbi91cy1jZW50cmFsMS90ZXN0YWxlcnQvMHZ3RjQtZkl3WUk  
 Sat Jul 29 2017 20:58:07 GMT-0300 (-03)
[debug] [2017-07-29T23:58:07.241Z] >>> HTTP REQUEST GET https://cloudfunctions.googleapis.com/v1beta2/operations/cG9pbnRhbG9vbi91cy1jZW50cmFsMS9hdXRvVXBkYXRlL3NpZXcwYi0ycGRJ  
 Sat Jul 29 2017 20:58:07 GMT-0300 (-03)
[debug] [2017-07-29T23:58:07.242Z] >>> HTTP REQUEST GET https://cloudfunctions.googleapis.com/v1beta2/operations/cG9pbnRhbG9vbi91cy1jZW50cmFsMS9wb2ludC9kR0wwNDdLVHhxZw  
 Sat Jul 29 2017 20:58:07 GMT-0300 (-03)
[debug] [2017-07-29T23:58:07.242Z] >>> HTTP REQUEST GET https://cloudfunctions.googleapis.com/v1beta2/operations/cG9pbnRhbG9vbi91cy1jZW50cmFsMS9sb29ucy9CUHdPMVJNYVhSSQ  
 Sat Jul 29 2017 20:58:07 GMT-0300 (-03)
[debug] [2017-07-29T23:58:07.242Z] >>> HTTP REQUEST GET https://cloudfunctions.googleapis.com/v1beta2/operations/cG9pbnRhbG9vbi91cy1jZW50cmFsMS9sb2dkYXRhL1RFdFdyZ3dNUzhF  
 Sat Jul 29 2017 20:58:07 GMT-0300 (-03)
[debug] [2017-07-29T23:58:08.448Z] <<< HTTP RESPONSE 200
[debug] [2017-07-29T23:58:08.453Z] <<< HTTP RESPONSE 200
[debug] [2017-07-29T23:58:08.465Z] <<< HTTP RESPONSE 200
[debug] [2017-07-29T23:58:08.474Z] <<< HTTP RESPONSE 200
[debug] [2017-07-29T23:58:08.485Z] <<< HTTP RESPONSE 200
[debug] [2017-07-29T23:58:08.507Z] <<< HTTP RESPONSE 200
[debug] [2017-07-29T23:58:08.517Z] <<< HTTP RESPONSE 200
[debug] [2017-07-29T23:58:08.518Z] [functions] operation poll: createToken: update operations/cG9pbnRhbG9vbi91cy1jZW50cmFsMS9jcmVhdGVUb2tlbi8xNWUzWTBVX1IyOA is not done.
[debug] [2017-07-29T23:58:08.518Z] [functions] operation poll: update: update operations/cG9pbnRhbG9vbi91cy1jZW50cmFsMS91cGRhdGUvYTU3dlpxbUtnUHc is not done.
[debug] [2017-07-29T23:58:08.519Z] [functions] operation poll: testalert: update operations/cG9pbnRhbG9vbi91cy1jZW50cmFsMS90ZXN0YWxlcnQvMHZ3RjQtZkl3WUk is not done.
[debug] [2017-07-29T23:58:08.519Z] [functions] operation poll: autoUpdate: update operations/cG9pbnRhbG9vbi91cy1jZW50cmFsMS9hdXRvVXBkYXRlL3NpZXcwYi0ycGRJ is not done.
[debug] [2017-07-29T23:58:08.519Z] [functions] operation poll: point: update operations/cG9pbnRhbG9vbi91cy1jZW50cmFsMS9wb2ludC9kR0wwNDdLVHhxZw is not done.
[debug] [2017-07-29T23:58:08.519Z] [functions] operation poll: loons: update operations/cG9pbnRhbG9vbi91cy1jZW50cmFsMS9sb29ucy9CUHdPMVJNYVhSSQ is not done.
[debug] [2017-07-29T23:58:08.519Z] [functions] operation poll: logdata: update operations/cG9pbnRhbG9vbi91cy1jZW50cmFsMS9sb2dkYXRhL1RFdFdyZ3dNUzhF is not done.
[debug] [2017-07-29T23:58:13.526Z] >>> HTTP REQUEST GET https://cloudfunctions.googleapis.com/v1beta2/operations/cG9pbnRhbG9vbi91cy1jZW50cmFsMS9jcmVhdGVUb2tlbi8xNWUzWTBVX1IyOA  
 Sat Jul 29 2017 20:58:13 GMT-0300 (-03)
[debug] [2017-07-29T23:58:13.527Z] >>> HTTP REQUEST GET https://cloudfunctions.googleapis.com/v1beta2/operations/cG9pbnRhbG9vbi91cy1jZW50cmFsMS91cGRhdGUvYTU3dlpxbUtnUHc  
 Sat Jul 29 2017 20:58:13 GMT-0300 (-03)
[debug] [2017-07-29T23:58:13.527Z] >>> HTTP REQUEST GET https://cloudfunctions.googleapis.com/v1beta2/operations/cG9pbnRhbG9vbi91cy1jZW50cmFsMS90ZXN0YWxlcnQvMHZ3RjQtZkl3WUk  
 Sat Jul 29 2017 20:58:13 GMT-0300 (-03)
[debug] [2017-07-29T23:58:13.527Z] >>> HTTP REQUEST GET https://cloudfunctions.googleapis.com/v1beta2/operations/cG9pbnRhbG9vbi91cy1jZW50cmFsMS9hdXRvVXBkYXRlL3NpZXcwYi0ycGRJ  
 Sat Jul 29 2017 20:58:13 GMT-0300 (-03)
[debug] [2017-07-29T23:58:13.528Z] >>> HTTP REQUEST GET https://cloudfunctions.googleapis.com/v1beta2/operations/cG9pbnRhbG9vbi91cy1jZW50cmFsMS9wb2ludC9kR0wwNDdLVHhxZw  
 Sat Jul 29 2017 20:58:13 GMT-0300 (-03)
[debug] [2017-07-29T23:58:13.528Z] >>> HTTP REQUEST GET https://cloudfunctions.googleapis.com/v1beta2/operations/cG9pbnRhbG9vbi91cy1jZW50cmFsMS9sb29ucy9CUHdPMVJNYVhSSQ  
 Sat Jul 29 2017 20:58:13 GMT-0300 (-03)
[debug] [2017-07-29T23:58:13.529Z] >>> HTTP REQUEST GET https://cloudfunctions.googleapis.com/v1beta2/operations/cG9pbnRhbG9vbi91cy1jZW50cmFsMS9sb2dkYXRhL1RFdFdyZ3dNUzhF  
 Sat Jul 29 2017 20:58:13 GMT-0300 (-03)
[debug] [2017-07-29T23:58:13.991Z] <<< HTTP RESPONSE 200
[debug] [2017-07-29T23:58:14.021Z] <<< HTTP RESPONSE 200
[debug] [2017-07-29T23:58:14.027Z] <<< HTTP RESPONSE 200
[debug] [2017-07-29T23:58:14.048Z] <<< HTTP RESPONSE 200
[debug] [2017-07-29T23:58:14.797Z] <<< HTTP RESPONSE 200
[debug] [2017-07-29T23:58:14.799Z] <<< HTTP RESPONSE 200
[debug] [2017-07-29T23:58:14.799Z] <<< HTTP RESPONSE 200
[debug] [2017-07-29T23:58:14.799Z] [functions] operation poll: createToken: update operations/cG9pbnRhbG9vbi91cy1jZW50cmFsMS9jcmVhdGVUb2tlbi8xNWUzWTBVX1IyOA is not done.
[debug] [2017-07-29T23:58:14.799Z] [functions] operation poll: update: update operations/cG9pbnRhbG9vbi91cy1jZW50cmFsMS91cGRhdGUvYTU3dlpxbUtnUHc is not done.
[debug] [2017-07-29T23:58:14.799Z] [functions] operation poll: testalert: update operations/cG9pbnRhbG9vbi91cy1jZW50cmFsMS90ZXN0YWxlcnQvMHZ3RjQtZkl3WUk is not done.
[debug] [2017-07-29T23:58:14.799Z] [functions] operation poll: autoUpdate: update operations/cG9pbnRhbG9vbi91cy1jZW50cmFsMS9hdXRvVXBkYXRlL3NpZXcwYi0ycGRJ is not done.
[debug] [2017-07-29T23:58:14.800Z] [functions] operation poll: point: update operations/cG9pbnRhbG9vbi91cy1jZW50cmFsMS9wb2ludC9kR0wwNDdLVHhxZw is not done.
[debug] [2017-07-29T23:58:14.800Z] [functions] operation poll: loons: update operations/cG9pbnRhbG9vbi91cy1jZW50cmFsMS9sb29ucy9CUHdPMVJNYVhSSQ is not done.
[debug] [2017-07-29T23:58:14.800Z] [functions] operation poll: logdata: update operations/cG9pbnRhbG9vbi91cy1jZW50cmFsMS9sb2dkYXRhL1RFdFdyZ3dNUzhF is not done.
[debug] [2017-07-29T23:58:19.805Z] >>> HTTP REQUEST GET https://cloudfunctions.googleapis.com/v1beta2/operations/cG9pbnRhbG9vbi91cy1jZW50cmFsMS9jcmVhdGVUb2tlbi8xNWUzWTBVX1IyOA  
 Sat Jul 29 2017 20:58:19 GMT-0300 (-03)
[debug] [2017-07-29T23:58:19.805Z] >>> HTTP REQUEST GET https://cloudfunctions.googleapis.com/v1beta2/operations/cG9pbnRhbG9vbi91cy1jZW50cmFsMS91cGRhdGUvYTU3dlpxbUtnUHc  
 Sat Jul 29 2017 20:58:19 GMT-0300 (-03)
[debug] [2017-07-29T23:58:19.806Z] >>> HTTP REQUEST GET https://cloudfunctions.googleapis.com/v1beta2/operations/cG9pbnRhbG9vbi91cy1jZW50cmFsMS90ZXN0YWxlcnQvMHZ3RjQtZkl3WUk  
 Sat Jul 29 2017 20:58:19 GMT-0300 (-03)
[debug] [2017-07-29T23:58:19.806Z] >>> HTTP REQUEST GET https://cloudfunctions.googleapis.com/v1beta2/operations/cG9pbnRhbG9vbi91cy1jZW50cmFsMS9hdXRvVXBkYXRlL3NpZXcwYi0ycGRJ  
 Sat Jul 29 2017 20:58:19 GMT-0300 (-03)
[debug] [2017-07-29T23:58:19.808Z] >>> HTTP REQUEST GET https://cloudfunctions.googleapis.com/v1beta2/operations/cG9pbnRhbG9vbi91cy1jZW50cmFsMS9wb2ludC9kR0wwNDdLVHhxZw  
 Sat Jul 29 2017 20:58:19 GMT-0300 (-03)
[debug] [2017-07-29T23:58:19.809Z] >>> HTTP REQUEST GET https://cloudfunctions.googleapis.com/v1beta2/operations/cG9pbnRhbG9vbi91cy1jZW50cmFsMS9sb29ucy9CUHdPMVJNYVhSSQ  
 Sat Jul 29 2017 20:58:19 GMT-0300 (-03)
[debug] [2017-07-29T23:58:19.809Z] >>> HTTP REQUEST GET https://cloudfunctions.googleapis.com/v1beta2/operations/cG9pbnRhbG9vbi91cy1jZW50cmFsMS9sb2dkYXRhL1RFdFdyZ3dNUzhF  
 Sat Jul 29 2017 20:58:19 GMT-0300 (-03)
[debug] [2017-07-29T23:58:20.259Z] <<< HTTP RESPONSE 200
[debug] [2017-07-29T23:58:20.324Z] <<< HTTP RESPONSE 200
[debug] [2017-07-29T23:58:21.016Z] <<< HTTP RESPONSE 200
[debug] [2017-07-29T23:58:21.036Z] <<< HTTP RESPONSE 200
[debug] [2017-07-29T23:58:21.045Z] <<< HTTP RESPONSE 200
[debug] [2017-07-29T23:58:21.070Z] <<< HTTP RESPONSE 200
[debug] [2017-07-29T23:58:21.080Z] <<< HTTP RESPONSE 200
[debug] [2017-07-29T23:58:21.080Z] [functions] operation poll: createToken: update operations/cG9pbnRhbG9vbi91cy1jZW50cmFsMS9jcmVhdGVUb2tlbi8xNWUzWTBVX1IyOA is not done.
[debug] [2017-07-29T23:58:21.080Z] [functions] operation poll: update: update operations/cG9pbnRhbG9vbi91cy1jZW50cmFsMS91cGRhdGUvYTU3dlpxbUtnUHc is not done.
[debug] [2017-07-29T23:58:21.080Z] [functions] operation poll: testalert: update operations/cG9pbnRhbG9vbi91cy1jZW50cmFsMS90ZXN0YWxlcnQvMHZ3RjQtZkl3WUk is not done.
[debug] [2017-07-29T23:58:21.080Z] [functions] operation poll: autoUpdate: update operations/cG9pbnRhbG9vbi91cy1jZW50cmFsMS9hdXRvVXBkYXRlL3NpZXcwYi0ycGRJ is not done.
[debug] [2017-07-29T23:58:21.081Z] [functions] operation poll: point: update operations/cG9pbnRhbG9vbi91cy1jZW50cmFsMS9wb2ludC9kR0wwNDdLVHhxZw is not done.
[debug] [2017-07-29T23:58:21.081Z] [functions] operation poll: loons: update operations/cG9pbnRhbG9vbi91cy1jZW50cmFsMS9sb29ucy9CUHdPMVJNYVhSSQ is not done.
[debug] [2017-07-29T23:58:21.081Z] [functions] operation poll: logdata: update operations/cG9pbnRhbG9vbi91cy1jZW50cmFsMS9sb2dkYXRhL1RFdFdyZ3dNUzhF is not done.
[debug] [2017-07-29T23:58:26.083Z] >>> HTTP REQUEST GET https://cloudfunctions.googleapis.com/v1beta2/operations/cG9pbnRhbG9vbi91cy1jZW50cmFsMS9jcmVhdGVUb2tlbi8xNWUzWTBVX1IyOA  
 Sat Jul 29 2017 20:58:26 GMT-0300 (-03)
[debug] [2017-07-29T23:58:26.084Z] >>> HTTP REQUEST GET https://cloudfunctions.googleapis.com/v1beta2/operations/cG9pbnRhbG9vbi91cy1jZW50cmFsMS91cGRhdGUvYTU3dlpxbUtnUHc  
 Sat Jul 29 2017 20:58:26 GMT-0300 (-03)
[debug] [2017-07-29T23:58:26.084Z] >>> HTTP REQUEST GET https://cloudfunctions.googleapis.com/v1beta2/operations/cG9pbnRhbG9vbi91cy1jZW50cmFsMS90ZXN0YWxlcnQvMHZ3RjQtZkl3WUk  
 Sat Jul 29 2017 20:58:26 GMT-0300 (-03)
[debug] [2017-07-29T23:58:26.085Z] >>> HTTP REQUEST GET https://cloudfunctions.googleapis.com/v1beta2/operations/cG9pbnRhbG9vbi91cy1jZW50cmFsMS9hdXRvVXBkYXRlL3NpZXcwYi0ycGRJ  
 Sat Jul 29 2017 20:58:26 GMT-0300 (-03)
[debug] [2017-07-29T23:58:26.085Z] >>> HTTP REQUEST GET https://cloudfunctions.googleapis.com/v1beta2/operations/cG9pbnRhbG9vbi91cy1jZW50cmFsMS9wb2ludC9kR0wwNDdLVHhxZw  
 Sat Jul 29 2017 20:58:26 GMT-0300 (-03)
[debug] [2017-07-29T23:58:26.085Z] >>> HTTP REQUEST GET https://cloudfunctions.googleapis.com/v1beta2/operations/cG9pbnRhbG9vbi91cy1jZW50cmFsMS9sb29ucy9CUHdPMVJNYVhSSQ  
 Sat Jul 29 2017 20:58:26 GMT-0300 (-03)
[debug] [2017-07-29T23:58:26.085Z] >>> HTTP REQUEST GET https://cloudfunctions.googleapis.com/v1beta2/operations/cG9pbnRhbG9vbi91cy1jZW50cmFsMS9sb2dkYXRhL1RFdFdyZ3dNUzhF  
 Sat Jul 29 2017 20:58:26 GMT-0300 (-03)
[debug] [2017-07-29T23:58:27.259Z] <<< HTTP RESPONSE 200
[debug] [2017-07-29T23:58:27.275Z] <<< HTTP RESPONSE 200
[debug] [2017-07-29T23:58:27.283Z] <<< HTTP RESPONSE 200
[debug] [2017-07-29T23:58:27.296Z] <<< HTTP RESPONSE 200
[debug] [2017-07-29T23:58:27.307Z] <<< HTTP RESPONSE 200
[debug] [2017-07-29T23:58:27.346Z] <<< HTTP RESPONSE 200
[debug] [2017-07-29T23:58:27.357Z] <<< HTTP RESPONSE 200
[debug] [2017-07-29T23:58:27.359Z] [functions] operation poll: createToken: update operations/cG9pbnRhbG9vbi91cy1jZW50cmFsMS9jcmVhdGVUb2tlbi8xNWUzWTBVX1IyOA is not done.
[debug] [2017-07-29T23:58:27.359Z] [functions] operation poll: update: update operations/cG9pbnRhbG9vbi91cy1jZW50cmFsMS91cGRhdGUvYTU3dlpxbUtnUHc is not done.
[debug] [2017-07-29T23:58:27.359Z] [functions] operation poll: testalert: update operations/cG9pbnRhbG9vbi91cy1jZW50cmFsMS90ZXN0YWxlcnQvMHZ3RjQtZkl3WUk is not done.
[debug] [2017-07-29T23:58:27.359Z] [functions] operation poll: autoUpdate: update operations/cG9pbnRhbG9vbi91cy1jZW50cmFsMS9hdXRvVXBkYXRlL3NpZXcwYi0ycGRJ is done.
[debug] [2017-07-29T23:58:27.359Z] [functions] operation poll: point: update operations/cG9pbnRhbG9vbi91cy1jZW50cmFsMS9wb2ludC9kR0wwNDdLVHhxZw is not done.
[debug] [2017-07-29T23:58:27.359Z] [functions] operation poll: loons: update operations/cG9pbnRhbG9vbi91cy1jZW50cmFsMS9sb29ucy9CUHdPMVJNYVhSSQ is not done.
[debug] [2017-07-29T23:58:27.359Z] [functions] operation poll: logdata: update operations/cG9pbnRhbG9vbi91cy1jZW50cmFsMS9sb2dkYXRhL1RFdFdyZ3dNUzhF is done.
[debug] [2017-07-29T23:58:32.367Z] >>> HTTP REQUEST GET https://cloudfunctions.googleapis.com/v1beta2/operations/cG9pbnRhbG9vbi91cy1jZW50cmFsMS9jcmVhdGVUb2tlbi8xNWUzWTBVX1IyOA  
 Sat Jul 29 2017 20:58:32 GMT-0300 (-03)
[debug] [2017-07-29T23:58:32.367Z] >>> HTTP REQUEST GET https://cloudfunctions.googleapis.com/v1beta2/operations/cG9pbnRhbG9vbi91cy1jZW50cmFsMS91cGRhdGUvYTU3dlpxbUtnUHc  
 Sat Jul 29 2017 20:58:32 GMT-0300 (-03)
[debug] [2017-07-29T23:58:32.368Z] >>> HTTP REQUEST GET https://cloudfunctions.googleapis.com/v1beta2/operations/cG9pbnRhbG9vbi91cy1jZW50cmFsMS90ZXN0YWxlcnQvMHZ3RjQtZkl3WUk  
 Sat Jul 29 2017 20:58:32 GMT-0300 (-03)
[debug] [2017-07-29T23:58:32.368Z] >>> HTTP REQUEST GET https://cloudfunctions.googleapis.com/v1beta2/operations/cG9pbnRhbG9vbi91cy1jZW50cmFsMS9wb2ludC9kR0wwNDdLVHhxZw  
 Sat Jul 29 2017 20:58:32 GMT-0300 (-03)
[debug] [2017-07-29T23:58:32.368Z] >>> HTTP REQUEST GET https://cloudfunctions.googleapis.com/v1beta2/operations/cG9pbnRhbG9vbi91cy1jZW50cmFsMS9sb29ucy9CUHdPMVJNYVhSSQ  
 Sat Jul 29 2017 20:58:32 GMT-0300 (-03)
[debug] [2017-07-29T23:58:32.789Z] <<< HTTP RESPONSE 200
[debug] [2017-07-29T23:58:32.800Z] <<< HTTP RESPONSE 200
[debug] [2017-07-29T23:58:32.832Z] <<< HTTP RESPONSE 200
[debug] [2017-07-29T23:58:33.526Z] <<< HTTP RESPONSE 200
[debug] [2017-07-29T23:58:33.559Z] <<< HTTP RESPONSE 200
[debug] [2017-07-29T23:58:33.562Z] [functions] operation poll: createToken: update operations/cG9pbnRhbG9vbi91cy1jZW50cmFsMS9jcmVhdGVUb2tlbi8xNWUzWTBVX1IyOA is not done.
[debug] [2017-07-29T23:58:33.562Z] [functions] operation poll: update: update operations/cG9pbnRhbG9vbi91cy1jZW50cmFsMS91cGRhdGUvYTU3dlpxbUtnUHc is not done.
[debug] [2017-07-29T23:58:33.562Z] [functions] operation poll: testalert: update operations/cG9pbnRhbG9vbi91cy1jZW50cmFsMS90ZXN0YWxlcnQvMHZ3RjQtZkl3WUk is done.
[debug] [2017-07-29T23:58:33.562Z] [functions] operation poll: point: update operations/cG9pbnRhbG9vbi91cy1jZW50cmFsMS9wb2ludC9kR0wwNDdLVHhxZw is done.
[debug] [2017-07-29T23:58:33.562Z] [functions] operation poll: loons: update operations/cG9pbnRhbG9vbi91cy1jZW50cmFsMS9sb29ucy9CUHdPMVJNYVhSSQ is not done.
